Using pre-set license
Built from '2020.3/staging' branch; Version is '2020.3.0f1 (c7b5465681fb) revision 13088070'; Using compiler version '192528614'; Build Type 'Release'
OS: 'Windows 10 Pro; OS build 19042.928; Version 2009; 64bit' Language: 'en' Physical Memory: 32695 MB
BatchMode: 1, IsHumanControllingUs: 0, StartBugReporterOnCrash: 0, Is64bit: 1, IsPro: 0

 COMMAND LINE ARGUMENTS:
C:\Program Files\Unity\Hub\Editor\2020.3.0f1\Editor\Unity.exe
-adb2
-batchMode
-noUpm
-name
AssetImportWorker0
-projectPath
D:/trito/source/repos/Bullethell-Prototype
-logFile
Logs/AssetImportWorker0.log
-srvPort
56707
Successfully changed project path to: D:/trito/source/repos/Bullethell-Prototype
D:/trito/source/repos/Bullethell-Prototype
Using Asset Import Pipeline V2.
Refreshing native plugins compatible for Editor in 32.33 ms, found 0 plugins.
Preloading 0 native plugins for Editor in 0.00 ms.
Initialize engine version: 2020.3.0f1 (c7b5465681fb)
[Subsystems] Discovering subsystems at path C:/Program Files/Unity/Hub/Editor/2020.3.0f1/Editor/Data/Resources/UnitySubsystems
[Subsystems] Discovering subsystems at path D:/trito/source/repos/Bullethell-Prototype/Assets
GfxDevice: creating device client; threaded=0
Direct3D:
    Version:  Direct3D 11.0 [level 11.1]
    Renderer: NVIDIA GeForce RTX 2080 Ti (ID=0x1e07)
    Vendor:   
    VRAM:     11049 MB
    Driver:   27.21.14.6589
Shader 'Universal Render Pipeline/Particles/Lit': fallback shader 'Universal Render Pipeline/Particles/SimpleLit' not found
Initialize mono
Mono path[0] = 'C:/Program Files/Unity/Hub/Editor/2020.3.0f1/Editor/Data/Managed'
Mono path[1] = 'C:/Program Files/Unity/Hub/Editor/2020.3.0f1/Editor/Data/MonoBleedingEdge/lib/mono/unityjit'
Mono config path = 'C:/Program Files/Unity/Hub/Editor/2020.3.0f1/Editor/Data/MonoBleedingEdge/etc'
Using monoOptions --debugger-agent=transport=dt_socket,embedding=1,server=y,suspend=n,address=127.0.0.1:56828
Begin MonoManager ReloadAssembly
Registering precompiled unity dll's ...
Register platform support module: C:/Program Files/Unity/Hub/Editor/2020.3.0f1/Editor/Data/PlaybackEngines/WebGLSupport/UnityEditor.WebGL.Extensions.dll
Register platform support module: C:/Program Files/Unity/Hub/Editor/2020.3.0f1/Editor/Data/PlaybackEngines/WindowsStandaloneSupport/UnityEditor.WindowsStandalone.Extensions.dll
Registered in 0.001668 seconds.
Native extension for WindowsStandalone target not found
Native extension for WebGL target not found
Refreshing native plugins compatible for Editor in 35.03 ms, found 0 plugins.
Preloading 0 native plugins for Editor in 0.00 ms.
Invoked RoslynAnalysisRunner static constructor.
RoslynAnalysisRunner will not be running.
RoslynAnalysisRunner has terminated.
Mono: successfully reloaded assembly
- Completed reload, in  0.887 seconds
Platform modules already initialized, skipping
Registering precompiled user dll's ...
Registered in 0.000941 seconds.
Begin MonoManager ReloadAssembly
Native extension for WindowsStandalone target not found
Native extension for WebGL target not found
Refreshing native plugins compatible for Editor in 80.46 ms, found 0 plugins.
Preloading 0 native plugins for Editor in 0.00 ms.
Invoked RoslynAnalysisRunner static constructor.
RoslynAnalysisRunner will not be running.
RoslynAnalysisRunner has terminated.
Mono: successfully reloaded assembly
- Completed reload, in  0.955 seconds
Platform modules already initialized, skipping
========================================================================
Worker process is ready to serve import requests
Shader 'Universal Render Pipeline/Particles/Lit': fallback shader 'Universal Render Pipeline/Particles/SimpleLit' not found
Launched and connected shader compiler UnityShaderCompiler.exe after 0.03 seconds
Refreshing native plugins compatible for Editor in 0.56 ms, found 0 plugins.
Preloading 0 native plugins for Editor in 0.00 ms.
Unloading 2426 Unused Serialized files (Serialized files now loaded: 0)
System memory in use before: 111.7 MB.
System memory in use after: 111.9 MB.

Unloading 10 unused Assets to reduce memory usage. Loaded Objects now: 2868.
Total: 3.230900 ms (FindLiveObjects: 0.387600 ms CreateObjectMapping: 0.213200 ms MarkObjects: 2.532600 ms  DeleteObjects: 0.095500 ms)

========================================================================
Received Import Request.
  path: Assets/Prefabs/Powerups/multiBullet.prefab
  artifactKey: Guid(9c6c148c3414cff4994c89fd24017ac0) Importer(815301076,1909f56bfc062723c751e8b465ee728b)
Start importing Assets/Prefabs/Powerups/multiBullet.prefab using Guid(9c6c148c3414cff4994c89fd24017ac0) Importer(815301076,1909f56bfc062723c751e8b465ee728b)  -> (artifact id: '23257c61ff27b7e4d60113e85583148b') in 0.244001 seconds
  Import took 0.248457 seconds .

========================================================================
Received Import Request.
  Time since last request: 0.000241 seconds.
  path: Assets/Prefabs/Powerups/Speed.prefab
  artifactKey: Guid(e25dc6b49d5154c4998977ec86715f53) Importer(815301076,1909f56bfc062723c751e8b465ee728b)
Start importing Assets/Prefabs/Powerups/Speed.prefab using Guid(e25dc6b49d5154c4998977ec86715f53) Importer(815301076,1909f56bfc062723c751e8b465ee728b)  -> (artifact id: 'ac9a6d1c14cb17f8763ad86d6365d04e') in 0.011273 seconds
  Import took 0.014309 seconds .

========================================================================
Received Import Request.
  Time since last request: 0.000212 seconds.
  path: Assets/Prefabs/Powerups
  artifactKey: Guid(2af46e22f495a5544ba070c4fe2a9fd0) Importer(815301076,1909f56bfc062723c751e8b465ee728b)
Start importing Assets/Prefabs/Powerups using Guid(2af46e22f495a5544ba070c4fe2a9fd0) Importer(815301076,1909f56bfc062723c751e8b465ee728b)  -> (artifact id: '178f94d33256ed63261f34961e44a53f') in 0.005160 seconds
  Import took 0.008302 seconds .

========================================================================
Received Import Request.
  Time since last request: 0.000201 seconds.
  path: Assets/Prefabs/Powerups/Shield.prefab
  artifactKey: Guid(b0f2303f2222abe45ad25530c2f1ad08) Importer(815301076,1909f56bfc062723c751e8b465ee728b)
Start importing Assets/Prefabs/Powerups/Shield.prefab using Guid(b0f2303f2222abe45ad25530c2f1ad08) Importer(815301076,1909f56bfc062723c751e8b465ee728b)  -> (artifact id: 'a01f5a08e7eb6b8dedab47ead0fb4f7e') in 0.012533 seconds
  Import took 0.015844 seconds .

AssetImportWorkerClient::OnTransportError - code=2 error=End of file
